<?xml version="1.0" encoding="UTF-8"?>
<!-- Generated by org.testng.reporters.JUnitXMLReporter -->
<testsuite ignored="0" hostname="DESKTOP-TF745PI" failures="0" tests="7" name="Test2" time="0.768" errors="0" timestamp="2021-09-28T22:57:23 ICT">
  <testcase classname="exercise_3.DataProviders" name="testDataProviderWithJson" time="0.054"/>
  <testcase classname="exercise_3.DataProviders" name="testDataProviderWithJson" time="0.004"/>
  <testcase classname="exercise_3.DataProviders" name="testDataProviderWithJson" time="0.003"/>
  <testcase classname="exercise_3.DataProviders" name="testDataProviderWithJson" time="0.002"/>
  <testcase classname="exercise_3.DataProviders" name="testDataProviderWithJson" time="0.004"/>
  <testcase classname="exercise_3.DataProviders" name="testDataProviderWithJson" time="0.021"/>
  <testcase classname="exercise_3.DataProviders" name="testDataProviderWithJson" time="0.003"/>
</testsuite> <!-- Test2 -->
