<?xml version="1.0" encoding="UTF-8"?>
<testng-results ignored="0" total="1" passed="1" failed="0" skipped="0">
  <reporter-output>
  </reporter-output>
  <suite started-at="2021-10-15T18:10:59 ICT" name="Suite" finished-at="2021-10-15T18:11:32 ICT" duration-ms="33875">
    <groups>
    </groups>
    <test started-at="2021-10-15T18:10:59 ICT" name="ChromeTest" finished-at="2021-10-15T18:11:32 ICT" duration-ms="33875">
      <class name="test.CreateNewCustomerTest">
        <test-method is-config="true" signature="setUp(java.lang.String)[pri:0, instance:test.CreateNewCustomerTest@696da30b]" started-at="2021-10-15T18:10:59 ICT" name="setUp" finished-at="2021-10-15T18:11:08 ICT" duration-ms="8730" status="PASS">
          <params>
            <param index="0">
              <value>
                <![CDATA[chrome]]>
              </value>
            </param>
          </params>
          <reporter-output>
          </reporter-output>
        </test-method> <!-- setUp -->
        <test-method signature="TC02(java.lang.Object,java.lang.Object,java.lang.Object,java.lang.Object,java.lang.Object,java.lang.Object)[pri:0, instance:test.CreateNewCustomerTest@696da30b]" started-at="2021-10-15T18:11:08 ICT" name="TC02" data-provider="TC" finished-at="2021-10-15T18:11:32 ICT" duration-ms="24248" status="PASS">
          <params>
            <param index="0">
              <value>
                <![CDATA[name]]>
              </value>
            </param>
            <param index="1">
              <value>
                <![CDATA[short]]>
              </value>
            </param>
            <param index="2">
              <value>
                <![CDATA[sku]]>
              </value>
            </param>
            <param index="3">
              <value>
                <![CDATA[20000.0]]>
              </value>
            </param>
            <param index="4">
              <value>
                <![CDATA[30000.0]]>
              </value>
            </param>
            <param index="5">
              <value>
                <![CDATA[The new product has been added successfully.]]>
              </value>
            </param>
          </params>
          <reporter-output>
          </reporter-output>
        </test-method> <!-- TC02 -->
      </class> <!-- test.CreateNewCustomerTest -->
    </test> <!-- ChromeTest -->
  </suite> <!-- Suite -->
</testng-results>
