<?xml version="1.0" encoding="UTF-8"?>
<testng-results ignored="0" total="5" passed="5" failed="0" skipped="0">
  <reporter-output>
  </reporter-output>
  <suite started-at="2021-10-27T16:04:53 ICT" name="Default suite" finished-at="2021-10-27T16:09:16 ICT" duration-ms="262869">
    <groups>
      <group name="cucumber">
        <method signature="AbstractTestNGCucumberTests.runScenario(io.cucumber.testng.PickleWrapper,io.cucumber.testng.FeatureWrapper)[pri:0, instance:test.RunTest@47987356]" name="runScenario" class="io.cucumber.testng.AbstractTestNGCucumberTests"/>
      </group> <!-- cucumber -->
    </groups>
    <test started-at="2021-10-27T16:04:53 ICT" name="Default test" finished-at="2021-10-27T16:09:16 ICT" duration-ms="262869">
      <class name="test.RunTest">
        <test-method is-config="true" signature="setUpClass()[pri:0, instance:test.RunTest@47987356]" started-at="2021-10-27T16:04:53 ICT" name="setUpClass" finished-at="2021-10-27T16:04:54 ICT" duration-ms="605" status="PASS">
          <reporter-output>
          </reporter-output>
        </test-method> <!-- setUpClass -->
        <test-method signature="runScenario(io.cucumber.testng.PickleWrapper,io.cucumber.testng.FeatureWrapper)[pri:0, instance:test.RunTest@47987356]" started-at="2021-10-27T16:04:54 ICT" name="runScenario" description="Runs Cucumber Scenarios" data-provider="scenarios" finished-at="2021-10-27T16:05:49 ICT" duration-ms="54842" status="PASS">
          <params>
            <param index="0">
              <value>
                <![CDATA["Verify Home Screen"]]>
              </value>
            </param>
            <param index="1">
              <value>
                <![CDATA["Optional[verify element of tab]"]]>
              </value>
            </param>
          </params>
          <reporter-output>
          </reporter-output>
        </test-method> <!-- runScenario -->
        <test-method signature="runScenario(io.cucumber.testng.PickleWrapper,io.cucumber.testng.FeatureWrapper)[pri:0, instance:test.RunTest@47987356]" started-at="2021-10-27T16:05:49 ICT" name="runScenario" description="Runs Cucumber Scenarios" data-provider="scenarios" finished-at="2021-10-27T16:06:29 ICT" duration-ms="40096" status="PASS">
          <params>
            <param index="0">
              <value>
                <![CDATA["Verify "Thương hiệu" screen"]]>
              </value>
            </param>
            <param index="1">
              <value>
                <![CDATA["Optional[verify element of tab]"]]>
              </value>
            </param>
          </params>
          <reporter-output>
          </reporter-output>
        </test-method> <!-- runScenario -->
        <test-method signature="runScenario(io.cucumber.testng.PickleWrapper,io.cucumber.testng.FeatureWrapper)[pri:0, instance:test.RunTest@47987356]" started-at="2021-10-27T16:06:29 ICT" name="runScenario" description="Runs Cucumber Scenarios" data-provider="scenarios" finished-at="2021-10-27T16:07:14 ICT" duration-ms="45056" status="PASS">
          <params>
            <param index="0">
              <value>
                <![CDATA["Verify "Ưu đãi" screen"]]>
              </value>
            </param>
            <param index="1">
              <value>
                <![CDATA["Optional[verify element of tab]"]]>
              </value>
            </param>
          </params>
          <reporter-output>
          </reporter-output>
        </test-method> <!-- runScenario -->
        <test-method signature="runScenario(io.cucumber.testng.PickleWrapper,io.cucumber.testng.FeatureWrapper)[pri:0, instance:test.RunTest@47987356]" started-at="2021-10-27T16:07:14 ICT" name="runScenario" description="Runs Cucumber Scenarios" data-provider="scenarios" finished-at="2021-10-27T16:08:34 ICT" duration-ms="80170" status="PASS">
          <params>
            <param index="0">
              <value>
                <![CDATA["Verify "Voucher" screen"]]>
              </value>
            </param>
            <param index="1">
              <value>
                <![CDATA["Optional[verify element of tab]"]]>
              </value>
            </param>
          </params>
          <reporter-output>
          </reporter-output>
        </test-method> <!-- runScenario -->
        <test-method signature="runScenario(io.cucumber.testng.PickleWrapper,io.cucumber.testng.FeatureWrapper)[pri:0, instance:test.RunTest@47987356]" started-at="2021-10-27T16:08:34 ICT" name="runScenario" description="Runs Cucumber Scenarios" data-provider="scenarios" finished-at="2021-10-27T16:09:16 ICT" duration-ms="42013" status="PASS">
          <params>
            <param index="0">
              <value>
                <![CDATA["Verify "Cá nhân" screen"]]>
              </value>
            </param>
            <param index="1">
              <value>
                <![CDATA["Optional[verify element of tab]"]]>
              </value>
            </param>
          </params>
          <reporter-output>
          </reporter-output>
        </test-method> <!-- runScenario -->
        <test-method is-config="true" signature="tearDownClass()[pri:0, instance:test.RunTest@47987356]" started-at="2021-10-27T16:09:16 ICT" name="tearDownClass" finished-at="2021-10-27T16:09:16 ICT" duration-ms="13" status="PASS">
          <reporter-output>
          </reporter-output>
        </test-method> <!-- tearDownClass -->
      </class> <!-- test.RunTest -->
    </test> <!-- Default test -->
  </suite> <!-- Default suite -->
</testng-results>
