<?xml version="1.0" encoding="UTF-8"?>
<testng-results ignored="0" total="1" passed="1" failed="0" skipped="0">
  <reporter-output>
  </reporter-output>
  <suite started-at="2021-10-25T07:46:02 ICT" name="Default suite" finished-at="2021-10-25T07:47:12 ICT" duration-ms="70526">
    <groups>
      <group name="cucumber">
        <method signature="AbstractTestNGCucumberTests.runScenario(io.cucumber.testng.PickleWrapper,io.cucumber.testng.FeatureWrapper)[pri:0, instance:exercise_1.test.RunTest01@47987356]" name="runScenario" class="io.cucumber.testng.AbstractTestNGCucumberTests"/>
      </group> <!-- cucumber -->
    </groups>
    <test started-at="2021-10-25T07:46:02 ICT" name="Default test" finished-at="2021-10-25T07:47:12 ICT" duration-ms="70526">
      <class name="exercise_1.test.RunTest01">
        <test-method is-config="true" signature="setUpClass()[pri:0, instance:exercise_1.test.RunTest01@47987356]" started-at="2021-10-25T07:46:02 ICT" name="setUpClass" finished-at="2021-10-25T07:46:02 ICT" duration-ms="433" status="PASS">
          <reporter-output>
          </reporter-output>
        </test-method> <!-- setUpClass -->
        <test-method signature="runScenario(io.cucumber.testng.PickleWrapper,io.cucumber.testng.FeatureWrapper)[pri:0, instance:exercise_1.test.RunTest01@47987356]" started-at="2021-10-25T07:46:02 ICT" name="runScenario" description="Runs Cucumber Scenarios" data-provider="scenarios" finished-at="2021-10-25T07:47:12 ICT" duration-ms="70004" status="PASS">
          <params>
            <param index="0">
              <value>
                <![CDATA["Click first product on “Hàng mới” of Laptop – May Vi Tinh"]]>
              </value>
            </param>
            <param index="1">
              <value>
                <![CDATA["Optional[Verify product name and product price]"]]>
              </value>
            </param>
          </params>
          <reporter-output>
          </reporter-output>
        </test-method> <!-- runScenario -->
        <test-method is-config="true" signature="tearDownClass()[pri:0, instance:exercise_1.test.RunTest01@47987356]" started-at="2021-10-25T07:47:12 ICT" name="tearDownClass" finished-at="2021-10-25T07:47:12 ICT" duration-ms="22" status="PASS">
          <reporter-output>
          </reporter-output>
        </test-method> <!-- tearDownClass -->
      </class> <!-- exercise_1.test.RunTest01 -->
    </test> <!-- Default test -->
  </suite> <!-- Default suite -->
</testng-results>
