<?xml version="1.0" encoding="UTF-8"?>
<testng-results ignored="0" total="1" passed="1" failed="0" skipped="0">
  <reporter-output>
  </reporter-output>
  <suite started-at="2021-10-11T16:46:56 ICT" name="Default suite" finished-at="2021-10-11T16:47:25 ICT" duration-ms="28824">
    <groups>
    </groups>
    <test started-at="2021-10-11T16:46:56 ICT" name="Default test" finished-at="2021-10-11T16:47:25 ICT" duration-ms="28824">
      <class name="exercise_3.CheckContact">
        <test-method is-config="true" signature="set()[pri:0, instance:exercise_3.CheckContact@6631f5ca]" started-at="2021-10-11T16:46:57 ICT" name="set" finished-at="2021-10-11T16:47:00 ICT" duration-ms="3215" status="PASS">
          <reporter-output>
          </reporter-output>
        </test-method> <!-- set -->
        <test-method signature="testGooglePageTitleInChrome()[pri:0, instance:exercise_3.CheckContact@6631f5ca]" started-at="2021-10-11T16:47:00 ICT" name="testGooglePageTitleInChrome" finished-at="2021-10-11T16:47:25 ICT" duration-ms="24995" status="PASS">
          <reporter-output>
          </reporter-output>
        </test-method> <!-- testGooglePageTitleInChrome -->
        <test-method is-config="true" signature="afterClass()[pri:0, instance:exercise_3.CheckContact@6631f5ca]" started-at="2021-10-11T16:47:25 ICT" name="afterClass" finished-at="2021-10-11T16:47:25 ICT" duration-ms="565" status="PASS">
          <reporter-output>
          </reporter-output>
        </test-method> <!-- afterClass -->
      </class> <!-- exercise_3.CheckContact -->
    </test> <!-- Default test -->
  </suite> <!-- Default suite -->
</testng-results>
