<?xml version="1.0" encoding="UTF-8"?>
<!-- Generated by org.testng.reporters.JUnitXMLReporter -->
<testsuite ignored="4" hostname="DESKTOP-TF745PI" failures="0" tests="2" name="Test3" time="0.101" errors="0" timestamp="2021-09-28T22:50:57 ICT">
  <testcase classname="exercise_4.TestNGGrouping" name="firstTest" time="0.015"/>
  <testcase classname="exercise_4.TestNGGrouping" name="secondTest" time="0.0"/>
  <testcase classname="exercise_4.TestNGGrouping" name="thirdTest" time="0.0">
    <ignored/>
  </testcase> <!-- thirdTest -->
  <testcase classname="exercise_4.TestNGGrouping" name="fifthTest" time="0.0">
    <ignored/>
  </testcase> <!-- fifthTest -->
  <testcase classname="exercise_4.TestNGGrouping" name="sixthTest" time="0.0">
    <ignored/>
  </testcase> <!-- sixthTest -->
  <testcase classname="exercise_4.TestNGGrouping" name="fourthTest" time="0.0">
    <ignored/>
  </testcase> <!-- fourthTest -->
</testsuite> <!-- Test3 -->
