<?xml version="1.0" encoding="UTF-8"?>
<!-- Generated by org.testng.reporters.JUnitXMLReporter -->
<testsuite ignored="0" hostname="DESKTOP-TF745PI" failures="1" tests="1" name="Test" time="0.994" errors="0" timestamp="2021-10-08T18:41:34 ICT">
  <testcase classname="exercise_1.test.tesst" name="testDataProviderWithJson" time="0.931">
    <failure type="org.testng.internal.reflect.MethodMatcherException" message="
[public void exercise_1.test.tesst.testDataProviderWithJson(java.lang.String,java.lang.String)] has no parameters defined but was found to be using a data provider (either explicitly specified or inherited from class level annotation).
Data provider mismatch
Method: testDataProviderWithJson([Parameter{index=0, type=java.lang.String, declaredAnnotations=[]}, Parameter{index=1, type=java.lang.String, declaredAnnotations=[]}])
Arguments: [(org.apache.poi.xssf.usermodel.XSSFCell) Selenium,(org.apache.poi.xssf.usermodel.XSSFCell) Selenium Testing Tools Cookbook]">
      <![CDATA[org.testng.internal.reflect.MethodMatcherException: 
[public void exercise_1.test.tesst.testDataProviderWithJson(java.lang.String,java.lang.String)] has no parameters defined but was found to be using a data provider (either explicitly specified or inherited from class level annotation).
Data provider mismatch
Method: testDataProviderWithJson([Parameter{index=0, type=java.lang.String, declaredAnnotations=[]}, Parameter{index=1, type=java.lang.String, declaredAnnotations=[]}])
Arguments: [(org.apache.poi.xssf.usermodel.XSSFCell) Selenium,(org.apache.poi.xssf.usermodel.XSSFCell) Selenium Testing Tools Cookbook]
at java.base/java.util.ArrayList.forEach(ArrayList.java:1541)
... Removed 22 stack frames]]>
    </failure>
  </testcase> <!-- testDataProviderWithJson -->
</testsuite> <!-- Test -->
